<?xml version="1.0" encoding="UTF-8" ?>
<testsuite errors="0" failures="0" hostname="debian" name="org.gla.carcassonne.test.CarcassonneControllerTest" tests="4" time="0.795" timestamp="2011-05-15T14:00:12">
  <properties>
[...]
</properties>
  <testcase classname="org.gla.carcassonne.test.CarcassonneControllerTest" name="testCarcassonneController" time="0.386" />
  <testcase classname="org.gla.carcassonne.test.CarcassonneControllerTest" name="testCloseViews" time="0.255" />
  <testcase classname="org.gla.carcassonne.test.CarcassonneControllerTest" name="testDisplayViews" time="0.043" />
  <testcase classname="org.gla.carcassonne.test.CarcassonneControllerTest" name="testAddListenersToModel" time="0.039" />
  <system-out><![CDATA[]]></system-out>
  <system-err><![CDATA[]]></system-err>
</testsuite>
